<?xml version="1.0" encoding="utf-8" standalone="no"?>
<test-results xmlns:xsi="http://www.w3.org/2001/XMLSchema-instance" xsi:noNamespaceSchemaLocation="nunit_schema_2.5.xsd" name="Pester" total="78" errors="0" failures="0" not-run="0" inconclusive="0" ignored="0" skipped="0" invalid="0" date="2026-07-01" time="21:56:33">
  <environment machine-name="PowershellOpsPC" os-version="10.0.26200" clr-version="10.0.6" nunit-version="2.5.8.0" platform="Microsoft Windows 11 Home|C:\WINDOWS|\Device\Harddisk0\Partition4" cwd="E:\Projects\projectx\powershellOps" user-domain="PowershellOpsPC" user="shahr" />
  <culture-info current-culture="en-US" current-uiculture="en-US" />
  <test-suite type="TestFixture" name="Pester" executed="True" result="Success" success="True" time="67.8628" asserts="0" description="Pester">
    <results>
      <test-suite type="TestFixture" name="E:\Projects\projectx\powershellOps\Modules\PowershellOps\Tests\PowershellOps.Tests.ps1" executed="True" result="Success" success="True" time="67.8628" asserts="0" description="E:\Projects\projectx\powershellOps\Modules\PowershellOps\Tests\PowershellOps.Tests.ps1">
        <results>
          <test-suite type="TestFixture" name="Module Import" executed="True" result="Success" success="True" time="0.4274" asserts="0" description="Module Import">
            <results>
              <test-case description="Imports without error" name="Module Import.Imports without error" time="0.283" asserts="0" success="True" result="Success" executed="True" />
              <test-case description="Exports all expected functions" name="Module Import.Exports all expected functions" time="0.0383" asserts="0" success="True" result="Success" executed="True" />
            </results>
          </test-suite>
          <test-suite type="TestFixture" name="System Diagnostics" executed="True" result="Success" success="True" time="6.9152" asserts="0" description="System Diagnostics">
            <results>
              <test-case description="Get-OpsHealth returns health info" name="System Diagnostics.Get-OpsHealth returns health info" time="1.3427" asserts="0" success="True" result="Success" executed="True" />
              <test-case description="Get-OpsSpec returns system specs" name="System Diagnostics.Get-OpsSpec returns system specs" time="1.1306" asserts="0" success="True" result="Success" executed="True" />
              <test-case description="Get-OpsUptime returns uptime info" name="System Diagnostics.Get-OpsUptime returns uptime info" time="0.1405" asserts="0" success="True" result="Success" executed="True" />
              <test-case description="Get-OpsRamInfo returns RAM info" name="System Diagnostics.Get-OpsRamInfo returns RAM info" time="0.0518" asserts="0" success="True" result="Success" executed="True" />
              <test-case description="Get-OpsDisplay returns display info" name="System Diagnostics.Get-OpsDisplay returns display info" time="0.0397" asserts="0" success="True" result="Success" executed="True" />
              <test-case description="Get-OpsDiskPressureAudit returns disk info" name="System Diagnostics.Get-OpsDiskPressureAudit returns disk info" time="0.0682" asserts="0" success="True" result="Success" executed="True" />
              <test-case description="Get-OpsResourceMap returns top processes" name="System Diagnostics.Get-OpsResourceMap returns top processes" time="0.081" asserts="0" success="True" result="Success" executed="True" />
              <test-case description="Get-OpsPortMap returns listening ports" name="System Diagnostics.Get-OpsPortMap returns listening ports" time="1.3039" asserts="0" success="True" result="Success" executed="True" />
              <test-case description="Get-OpsTempCheck returns temp directory size" name="System Diagnostics.Get-OpsTempCheck returns temp directory size" time="0.0608" asserts="0" success="True" result="Success" executed="True" />
              <test-case description="Get-OpsClipCheck returns clipboard length" name="System Diagnostics.Get-OpsClipCheck returns clipboard length" time="0.0254" asserts="0" success="True" result="Success" executed="True" />
              <test-case description="Get-OpsHypervisor returns VM status" name="System Diagnostics.Get-OpsHypervisor returns VM status" time="0.0453" asserts="0" success="True" result="Success" executed="True" />
              <test-case description="Get-OpsPower returns or gracefully degrades" name="System Diagnostics.Get-OpsPower returns or gracefully degrades" time="0.1156" asserts="0" success="True" result="Success" executed="True" />
              <test-case description="Get-OpsLicense returns or gracefully handles missing license" name="System Diagnostics.Get-OpsLicense returns or gracefully handles missing license" time="2.0756" asserts="0" success="True" result="Success" executed="True" />
            </results>
          </test-suite>
          <test-suite type="TestFixture" name="System dispatch (Get-OpsSystem)" executed="True" result="Success" success="True" time="8.1815" asserts="0" description="System dispatch (Get-OpsSystem)">
            <results>
              <test-case description="Get-OpsSystem returns various system info types" name="System dispatch (Get-OpsSystem).Get-OpsSystem returns various system info types" time="1.2621" asserts="0" success="True" result="Success" executed="True" />
            </results>
          </test-suite>
          <test-suite type="TestFixture" name="Security Audit" executed="True" result="Success" success="True" time="39.0027" asserts="0" description="Security Audit">
            <results>
              <test-case description="Get-OpsFirewallAudit returns firewall gaps" name="Security Audit.Get-OpsFirewallAudit returns firewall gaps" time="28.2471" asserts="0" success="True" result="Success" executed="True" />
              <test-case description="Get-OpsBootMap returns startup entries" name="Security Audit.Get-OpsBootMap returns startup entries" time="0.058" asserts="0" success="True" result="Success" executed="True" />
              <test-case description="Get-OpsEnvMap returns environment variables" name="Security Audit.Get-OpsEnvMap returns environment variables" time="0.0323" asserts="0" success="True" result="Success" executed="True" />
              <test-case description="Get-OpsPathAudit returns PATH entries" name="Security Audit.Get-OpsPathAudit returns PATH entries" time="0.0542" asserts="0" success="True" result="Success" executed="True" />
              <test-case description="Get-OpsShield returns defender status or gracefully degrades" name="Security Audit.Get-OpsShield returns defender status or gracefully degrades" time="1.4162" asserts="0" success="True" result="Success" executed="True" />
              <test-case description="Get-OpsSuspiciousProcessAudit does not crash" name="Security Audit.Get-OpsSuspiciousProcessAudit does not crash" time="0.1745" asserts="0" success="True" result="Success" executed="True" />
              <test-case description="Get-OpsEventStormAudit returns event log data" name="Security Audit.Get-OpsEventStormAudit returns event log data" time="0.8334" asserts="0" success="True" result="Success" executed="True" />
            </results>
          </test-suite>
          <test-suite type="TestFixture" name="Network" executed="True" result="Success" success="True" time="41.1155" asserts="0" description="Network">
            <results>
              <test-case description="Get-OpsNetCheck returns internet status" name="Network.Get-OpsNetCheck returns internet status" time="0.0624" asserts="0" success="True" result="Success" executed="True" />
              <test-case description="Get-OpsWifi returns wifi info or gracefully degrades" name="Network.Get-OpsWifi returns wifi info or gracefully degrades" time="0.1368" asserts="0" success="True" result="Success" executed="True" />
              <test-case description="Get-OpsDnsBench returns benchmark results" name="Network.Get-OpsDnsBench returns benchmark results" time="1.5944" asserts="0" success="True" result="Success" executed="True" />
              <test-case description="Get-OpsDnsCache returns DNS cache or gracefully degrades" name="Network.Get-OpsDnsCache returns DNS cache or gracefully degrades" time="0.1672" asserts="0" success="True" result="Success" executed="True" />
              <test-case description="Get-OpsHostsCheck returns hosts file entries" name="Network.Get-OpsHostsCheck returns hosts file entries" time="0.0477" asserts="0" success="True" result="Success" executed="True" />
              <test-case description="Get-OpsNetworkTriage returns network config" name="Network.Get-OpsNetworkTriage returns network config" time="0.0688" asserts="0" success="True" result="Success" executed="True" />
              <test-case description="Resolve-OpsDuckDuckGoHref resolves URLs" name="Network.Resolve-OpsDuckDuckGoHref resolves URLs" time="0.0288" asserts="0" success="True" result="Success" executed="True" />
            </results>
          </test-suite>
          <test-suite type="TestFixture" name="Environmental functions" executed="True" result="Success" success="True" time="42.3991" asserts="0" description="Environmental functions">
            <results>
              <test-case description="Get-OpsRecent returns recent files" name="Environmental functions.Get-OpsRecent returns recent files" time="0.0371" asserts="0" success="True" result="Success" executed="True" />
              <test-case description="Get-OpsCert returns certificates" name="Environmental functions.Get-OpsCert returns certificates" time="0.8165" asserts="0" success="True" result="Success" executed="True" />
              <test-case description="Get-OpsApp returns installed apps" name="Environmental functions.Get-OpsApp returns installed apps" time="0.405" asserts="0" success="True" result="Success" executed="True" />
              <test-case description="Get-OpsAppLocation returns app path" name="Environmental functions.Get-OpsAppLocation returns app path" time="0.0193" asserts="0" success="True" result="Success" executed="True" />
            </results>
          </test-suite>
          <test-suite type="TestFixture" name="Prompt injection detection" executed="True" result="Success" success="True" time="42.486" asserts="0" description="Prompt injection detection">
            <results>
              <test-case description="Test-OpsPromptInjection returns false for safe text" name="Prompt injection detection.Test-OpsPromptInjection returns false for safe text" time="0.0257" asserts="0" success="True" result="Success" executed="True" />
              <test-case description="Test-OpsPromptInjection returns true for clear injection" name="Prompt injection detection.Test-OpsPromptInjection returns true for clear injection" time="0.0159" asserts="0" success="True" result="Success" executed="True" />
              <test-case description="Test-OpsPromptInjection returns true for DAN pattern" name="Prompt injection detection.Test-OpsPromptInjection returns true for DAN pattern" time="0.0118" asserts="0" success="True" result="Success" executed="True" />
              <test-case description="Test-OpsPromptInjection returns false for null/empty payload" name="Prompt injection detection.Test-OpsPromptInjection returns false for null/empty payload" time="0.0135" asserts="0" success="True" result="Success" executed="True" />
              <test-case description="Test-OpsPromptInjection detects encoded payloads" name="Prompt injection detection.Test-OpsPromptInjection detects encoded payloads" time="0.0157" asserts="0" success="True" result="Success" executed="True" />
            </results>
          </test-suite>
          <test-suite type="TestFixture" name="Memory system" executed="True" result="Success" success="True" time="42.6385" asserts="0" description="Memory system">
            <results>
              <test-case description="Add-OpsMemory adds a memory entry" name="Memory system.Add-OpsMemory adds a memory entry" time="0.0485" asserts="0" success="True" result="Success" executed="True" />
              <test-case description="Get-OpsMemoryFile returns a path" name="Memory system.Get-OpsMemoryFile returns a path" time="0.0164" asserts="0" success="True" result="Success" executed="True" />
              <test-case description="Read-OpsMemory returns entries or gracefully returns null" name="Memory system.Read-OpsMemory returns entries or gracefully returns null" time="0.0138" asserts="0" success="True" result="Success" executed="True" />
              <test-case description="Format-OpsMemoryId generates an ID" name="Memory system.Format-OpsMemoryId generates an ID" time="0.0133" asserts="0" success="True" result="Success" executed="True" />
              <test-case description="Get-OpsMemorySearchTerm extracts search terms" name="Memory system.Get-OpsMemorySearchTerm extracts search terms" time="0.0278" asserts="0" success="True" result="Success" executed="True" />
              <test-case description="Format-OpsMemorySnippet truncates long text" name="Memory system.Format-OpsMemorySnippet truncates long text" time="0.0167" asserts="0" success="True" result="Success" executed="True" />
            </results>
          </test-suite>
          <test-suite type="TestFixture" name="AI functions" executed="True" result="Success" success="True" time="42.7496" asserts="0" description="AI functions">
            <results>
              <test-case description="Get-OpsAIIntent classifies intent" name="AI functions.Get-OpsAIIntent classifies intent" time="0.0171" asserts="0" success="True" result="Success" executed="True" />
              <test-case description="Get-OpsAIDataProfile profiles data" name="AI functions.Get-OpsAIDataProfile profiles data" time="0.0354" asserts="0" success="True" result="Success" executed="True" />
              <test-case description="Get-OpsAIDataProfile handles empty data" name="AI functions.Get-OpsAIDataProfile handles empty data" time="0.0189" asserts="0" success="True" result="Success" executed="True" />
              <test-case description="Build-OpsAIContextPacket builds packet" name="AI functions.Build-OpsAIContextPacket builds packet" time="0.0213" asserts="0" success="True" result="Success" executed="True" />
              <test-case description="Get-OpsSourceQualityScore returns score" name="AI functions.Get-OpsSourceQualityScore returns score" time="0.0152" asserts="0" success="True" result="Success" executed="True" />
            </results>
          </test-suite>
          <test-suite type="TestFixture" name="Report &amp; Dashboard" executed="True" result="Success" success="True" time="42.873" asserts="0" description="Report &amp; Dashboard">
            <results>
              <test-case description="Format-OpsMarkdownCell formats cells" name="Report &amp; Dashboard.Format-OpsMarkdownCell formats cells" time="0.0178" asserts="0" success="True" result="Success" executed="True" />
              <test-case description="Format-OpsReportCell pads to width" name="Report &amp; Dashboard.Format-OpsReportCell pads to width" time="0.0164" asserts="0" success="True" result="Success" executed="True" />
              <test-case description="Get-OpsReportPath returns a path" name="Report &amp; Dashboard.Get-OpsReportPath returns a path" time="0.0154" asserts="0" success="True" result="Success" executed="True" />
              <test-case description="ConvertTo-OpsMarkdownTable produces markdown" name="Report &amp; Dashboard.ConvertTo-OpsMarkdownTable produces markdown" time="0.0705" asserts="0" success="True" result="Success" executed="True" />
            </results>
          </test-suite>
          <test-suite type="TestFixture" name="Profile &amp; helpers" executed="True" result="Success" success="True" time="43.0758" asserts="0" description="Profile &amp; helpers">
            <results>
              <test-case description="Test-OpsInteractiveSession returns status" name="Profile &amp; helpers.Test-OpsInteractiveSession returns status" time="0.0273" asserts="0" success="True" result="Success" executed="True" />
              <test-case description="Write-OpsHeader does not throw" name="Profile &amp; helpers.Write-OpsHeader does not throw" time="0.0272" asserts="0" success="True" result="Success" executed="True" />
              <test-case description="Get-OpsSafeAliasName normalizes names" name="Profile &amp; helpers.Get-OpsSafeAliasName normalizes names" time="0.0144" asserts="0" success="True" result="Success" executed="True" />
              <test-case description="Get-OpsProject returns a project root" name="Profile &amp; helpers.Get-OpsProject returns a project root" time="0.0189" asserts="0" success="True" result="Success" executed="True" />
              <test-case description="Get-OpsPromptText generates prompt text" name="Profile &amp; helpers.Get-OpsPromptText generates prompt text" time="0.0565" asserts="0" success="True" result="Success" executed="True" />
              <test-case description="Get-OpsPromptGitSegment returns git status" name="Profile &amp; helpers.Get-OpsPromptGitSegment returns git status" time="0.0195" asserts="0" success="True" result="Success" executed="True" />
              <test-case description="Protect-OpsSensitiveText redacts secrets" name="Profile &amp; helpers.Protect-OpsSensitiveText redacts secrets" time="0.0169" asserts="0" success="True" result="Success" executed="True" />
              <test-case description="Protect-OpsSensitiveText passes through safe text" name="Profile &amp; helpers.Protect-OpsSensitiveText passes through safe text" time="0.0167" asserts="0" success="True" result="Success" executed="True" />
            </results>
          </test-suite>
          <test-suite type="TestFixture" name="Workflows" executed="True" result="Success" success="True" time="66.493" asserts="0" description="Workflows">
            <results>
              <test-case description="Invoke-OpsDailyOps completes without throwing" name="Workflows.Invoke-OpsDailyOps completes without throwing" time="1.5903" asserts="0" success="True" result="Success" executed="True" />
              <test-case description="Invoke-OpsSystemReview completes without throwing" name="Workflows.Invoke-OpsSystemReview completes without throwing" time="2.1052" asserts="0" success="True" result="Success" executed="True" />
              <test-case description="Invoke-OpsSecurityAudit completes without throwing" name="Workflows.Invoke-OpsSecurityAudit completes without throwing" time="1.1624" asserts="0" success="True" result="Success" executed="True" />
              <test-case description="Invoke-OpsNetworkDiagnostics completes without throwing" name="Workflows.Invoke-OpsNetworkDiagnostics completes without throwing" time="2.8241" asserts="0" success="True" result="Success" executed="True" />
              <test-case description="Invoke-OpsThreatHunt completes without throwing" name="Workflows.Invoke-OpsThreatHunt completes without throwing" time="0.3706" asserts="0" success="True" result="Success" executed="True" />
              <test-case description="Invoke-OpsChangeAudit completes without throwing" name="Workflows.Invoke-OpsChangeAudit completes without throwing" time="3.806" asserts="0" success="True" result="Success" executed="True" />
              <test-case description="Invoke-OpsComplianceCheck completes without throwing" name="Workflows.Invoke-OpsComplianceCheck completes without throwing" time="3.3811" asserts="0" success="True" result="Success" executed="True" />
              <test-case description="Invoke-OpsDailyOps returns a scored result" name="Workflows.Invoke-OpsDailyOps returns a scored result" time="1.4457" asserts="0" success="True" result="Success" executed="True" />
              <test-case description="Invoke-OpsSystemReview returns a scored result" name="Workflows.Invoke-OpsSystemReview returns a scored result" time="1.7515" asserts="0" success="True" result="Success" executed="True" />
              <test-case description="Invoke-OpsSecurityAudit returns a scored result" name="Workflows.Invoke-OpsSecurityAudit returns a scored result" time="0.1508" asserts="0" success="True" result="Success" executed="True" />
              <test-case description="Invoke-OpsNetworkDiagnostics returns a scored result" name="Workflows.Invoke-OpsNetworkDiagnostics returns a scored result" time="0.1489" asserts="0" success="True" result="Success" executed="True" />
              <test-case description="Invoke-OpsComplianceCheck returns a scored result" name="Workflows.Invoke-OpsComplianceCheck returns a scored result" time="3.2913" asserts="0" success="True" result="Success" executed="True" />
              <test-case description="Invoke-OpsChangeAudit returns a scored result with recommendations" name="Workflows.Invoke-OpsChangeAudit returns a scored result with recommendations" time="1.1342" asserts="0" success="True" result="Success" executed="True" />
              <test-case description="Invoke-OpsThreatHunt returns threat/warning arrays" name="Workflows.Invoke-OpsThreatHunt returns threat/warning arrays" time="0.2506" asserts="0" success="True" result="Success" executed="True" />
            </results>
          </test-suite>
          <test-suite type="TestFixture" name="Env dispatch (Get-OpsEnv)" executed="True" result="Success" success="True" time="66.5466" asserts="0" description="Env dispatch (Get-OpsEnv)">
            <results>
              <test-case description="Get-OpsEnv returns various env info types" name="Env dispatch (Get-OpsEnv).Get-OpsEnv returns various env info types" time="0.0492" asserts="0" success="True" result="Success" executed="True" />
            </results>
          </test-suite>
          <test-suite type="TestFixture" name="Network dispatch (Get-OpsNetwork)" executed="True" result="Success" success="True" time="66.6382" asserts="0" description="Network dispatch (Get-OpsNetwork)">
            <results>
              <test-case description="Get-OpsNetwork dispatches correctly" name="Network dispatch (Get-OpsNetwork).Get-OpsNetwork dispatches correctly" time="0.0847" asserts="0" success="True" result="Success" executed="True" />
            </results>
          </test-suite>
        </results>
      </test-suite>
    </results>
  </test-suite>
</test-results>

